# JRE version: OpenJDK Runtime Environment Temurin-21.0.6+7 (21.0.6+7) (build 21.0.6+7-LTS)
# Java VM: OpenJDK 64-Bit Server VM Temurin-21.0.6+7 (21.0.6+7-LTS, mixed mode, emulated-client, sharing, tiered, compressed oops, compressed class ptrs, g1 gc, windows-amd64)
GC Precious Log:
 CardTable entry size: 512
 Card Set container configuration: InlinePtr #cards 5 size 8 Array Of Cards #cards 12 size 40 Howl #buckets 4 coarsen threshold 1843 Howl Bitmap #cards 512 size 80 coarsen threshold 460 Card regions per heap region 1 cards per card region 2048
 CPUs: 8 total, 8 available
 Memory: 7999M
 Large Page Support: Disabled
 NUMA Support: Disabled
 Compressed Oops: Enabled (32-bit)
 Heap Region Size: 1M
 Heap Min Capacity: 8M
 Heap Initial Capacity: 126M
 Heap Max Capacity: 2000M
 Pre-touch: Disabled
 Parallel Workers: 8
 Concurrent Workers: 2
 Concurrent Refinement Workers: 8
 Periodic GC: Disabled
Heap:
 garbage-first heap   total 275456K, used 175591K [0x0000000083000000, 0x0000000100000000)
  region size 1024K, 12 young (12288K), 9 survivors (9216K)
 Metaspace       used 80318K, committed 81536K, reserved 1179648K
  class space    used 11165K, committed 11712K, reserved 1048576K
GC Heap History (20 events):
Event: 3447.079 GC heap before
{Heap before GC invocations=865 (full 16):
 garbage-first heap   total 245760K, used 206335K [0x0000000083000000, 0x0000000100000000)
  region size 1024K, 70 young (71680K), 9 survivors (9216K)
 Metaspace       used 80146K, committed 81344K, reserved 1179648K
  class space    used 11127K, committed 11648K, reserved 1048576K
}
Event: 3447.101 GC heap after
{Heap after GC invocations=866 (full 16):
 garbage-first heap   total 245760K, used 162815K [0x0000000083000000, 0x0000000100000000)
  region size 1024K, 9 young (9216K), 9 survivors (9216K)
 Metaspace       used 80146K, committed 81344K, reserved 1179648K
  class space    used 11127K, committed 11648K, reserved 1048576K
}
Event: 3450.297 GC heap before
{Heap before GC invocations=867 (full 16):
 garbage-first heap   total 254976K, used 201727K [0x0000000083000000, 0x0000000100000000)
  region size 1024K, 57 young (58368K), 9 survivors (9216K)
 Metaspace       used 80146K, committed 81344K, reserved 1179648K
  class space    used 11127K, committed 11648K, reserved 1048576K
}
Event: 3450.317 GC heap after
{Heap after GC invocations=868 (full 16):
 garbage-first heap   total 254976K, used 163327K [0x0000000083000000, 0x0000000100000000)
  region size 1024K, 8 young (8192K), 8 survivors (8192K)
 Metaspace       used 80146K, committed 81344K, reserved 1179648K
  class space    used 11127K, committed 11648K, reserved 1048576K
}
Event: 3454.441 GC heap before
{Heap before GC invocations=868 (full 16):
 garbage-first heap   total 254976K, used 218623K [0x0000000083000000, 0x0000000100000000)
  region size 1024K, 62 young (63488K), 8 survivors (8192K)
 Metaspace       used 80146K, committed 81344K, reserved 1179648K
  class space    used 11127K, committed 11648K, reserved 1048576K
}
Event: 3454.464 GC heap after
{Heap after GC invocations=869 (full 16):
 garbage-first heap   total 254976K, used 155135K [0x0000000083000000, 0x0000000100000000)
  region size 1024K, 8 young (8192K), 8 survivors (8192K)
 Metaspace       used 80146K, committed 81344K, reserved 1179648K
  class space    used 11127K, committed 11648K, reserved 1048576K
}
Event: 3459.281 GC heap before
{Heap before GC invocations=869 (full 16):
 garbage-first heap   total 254976K, used 213503K [0x0000000083000000, 0x0000000100000000)
  region size 1024K, 66 young (67584K), 8 survivors (8192K)
 Metaspace       used 80146K, committed 81344K, reserved 1179648K
  class space    used 11127K, committed 11648K, reserved 1048576K
}
Event: 3459.307 GC heap after
{Heap after GC invocations=870 (full 16):
 garbage-first heap   total 254976K, used 157183K [0x0000000083000000, 0x0000000100000000)
  region size 1024K, 9 young (9216K), 9 survivors (9216K)
 Metaspace       used 80146K, committed 81344K, reserved 1179648K
  class space    used 11127K, committed 11648K, reserved 1048576K
}
Event: 3464.235 GC heap before
{Heap before GC invocations=870 (full 16):
 garbage-first heap   total 254976K, used 212479K [0x0000000083000000, 0x0000000100000000)
  region size 1024K, 64 young (65536K), 9 survivors (9216K)
 Metaspace       used 80146K, committed 81344K, reserved 1179648K
  class space    used 11127K, committed 11648K, reserved 1048576K
}
Event: 3464.259 GC heap after
{Heap after GC invocations=871 (full 16):
 garbage-first heap   total 254976K, used 176639K [0x0000000083000000, 0x0000000100000000)
  region size 1024K, 8 young (8192K), 8 survivors (8192K)
 Metaspace       used 80146K, committed 81344K, reserved 1179648K
  class space    used 11127K, committed 11648K, reserved 1048576K
}
Event: 3466.932 GC heap before
{Heap before GC invocations=872 (full 16):
 garbage-first heap   total 275456K, used 208383K [0x0000000083000000, 0x0000000100000000)
  region size 1024K, 51 young (52224K), 8 survivors (8192K)
 Metaspace       used 80146K, committed 81344K, reserved 1179648K
  class space    used 11127K, committed 11648K, reserved 1048576K
}
Event: 3466.945 GC heap after
{Heap after GC invocations=873 (full 16):
 garbage-first heap   total 275456K, used 173567K [0x0000000083000000, 0x0000000100000000)
  region size 1024K, 7 young (7168K), 7 survivors (7168K)
 Metaspace       used 80146K, committed 81344K, reserved 1179648K
  class space    used 11127K, committed 11648K, reserved 1048576K
}
Event: 3469.709 GC heap before
{Heap before GC invocations=873 (full 16):
 garbage-first heap   total 275456K, used 231935K [0x0000000083000000, 0x0000000100000000)
  region size 1024K, 65 young (66560K), 7 survivors (7168K)
 Metaspace       used 80154K, committed 81344K, reserved 1179648K
  class space    used 11129K, committed 11648K, reserved 1048576K
}
Event: 3469.723 GC heap after
{Heap after GC invocations=874 (full 16):
 garbage-first heap   total 275456K, used 158452K [0x0000000083000000, 0x0000000100000000)
  region size 1024K, 9 young (9216K), 9 survivors (9216K)
 Metaspace       used 80154K, committed 81344K, reserved 1179648K
  class space    used 11129K, committed 11648K, reserved 1048576K
}
Event: 3473.016 GC heap before
{Heap before GC invocations=874 (full 16):
 garbage-first heap   total 275456K, used 228084K [0x0000000083000000, 0x0000000100000000)
  region size 1024K, 78 young (79872K), 9 survivors (9216K)
 Metaspace       used 80282K, committed 81408K, reserved 1179648K
  class space    used 11159K, committed 11648K, reserved 1048576K
}
Event: 3473.041 GC heap after
{Heap after GC invocations=875 (full 16):
 garbage-first heap   total 275456K, used 157695K [0x0000000083000000, 0x0000000100000000)
  region size 1024K, 10 young (10240K), 10 survivors (10240K)
 Metaspace       used 80282K, committed 81408K, reserved 1179648K
  class space    used 11159K, committed 11648K, reserved 1048576K
}
Event: 3478.976 GC heap before
{Heap before GC invocations=875 (full 16):
 garbage-first heap   total 275456K, used 229375K [0x0000000083000000, 0x0000000100000000)
  region size 1024K, 80 young (81920K), 10 survivors (10240K)
 Metaspace       used 80321K, committed 81536K, reserved 1179648K
  class space    used 11166K, committed 11712K, reserved 1048576K
}
Event: 3478.993 GC heap after
{Heap after GC invocations=876 (full 16):
 garbage-first heap   total 275456K, used 172543K [0x0000000083000000, 0x0000000100000000)
  region size 1024K, 10 young (10240K), 10 survivors (10240K)
 Metaspace       used 80321K, committed 81536K, reserved 1179648K
  class space    used 11166K, committed 11712K, reserved 1048576K
}
Event: 3483.871 GC heap before
{Heap before GC invocations=876 (full 16):
 garbage-first heap   total 275456K, used 236031K [0x0000000083000000, 0x0000000100000000)
  region size 1024K, 72 young (73728K), 10 survivors (10240K)
 Metaspace       used 80321K, committed 81536K, reserved 1179648K
  class space    used 11166K, committed 11712K, reserved 1048576K
}
Event: 3483.889 GC heap after
{Heap after GC invocations=877 (full 16):
 garbage-first heap   total 275456K, used 188903K [0x0000000083000000, 0x0000000100000000)
  region size 1024K, 9 young (9216K), 9 survivors (9216K)
 Metaspace       used 80321K, committed 81536K, reserved 1179648K
  class space    used 11166K, committed 11712K, reserved 1048576K
}

